-------------------------------------------------------------------------------
Test set: itsa.patterns.ObserverExampleTest
-------------------------------------------------------------------------------
Tests run: 1, Failures: 1, Errors: 0, Skipped: 0, Time elapsed: 0.001 s <<< FAILURE! - in itsa.patterns.ObserverExampleTest
testObserver(itsa.patterns.ObserverExampleTest)  Time elapsed: 0 s  <<< FAILURE!
java.lang.AssertionError: Sensors not working properly
	at itsa.patterns.ObserverExampleTest.testObserver(ObserverExampleTest.java:18)

