-------------------------------------------------------------------------------
Test set: itsa.patterns.BuildPizzaTest
-------------------------------------------------------------------------------
Tests run: 1, Failures: 1, Errors: 0, Skipped: 0, Time elapsed: 0.001 s <<< FAILURE! - in itsa.patterns.BuildPizzaTest
testBuildPizza(itsa.patterns.BuildPizzaTest)  Time elapsed: 0 s  <<< FAILURE!
java.lang.AssertionError: Pizza is not right
	at itsa.patterns.BuildPizzaTest.testBuildPizza(BuildPizzaTest.java:19)

