-------------------------------------------------------------------------------
Test set: itsa.patterns.CaptainTest
-------------------------------------------------------------------------------
Tests run: 1, Failures: 1, Errors: 0, Skipped: 0, Time elapsed: 0 s <<< FAILURE! - in itsa.patterns.CaptainTest
testSingleton(itsa.patterns.CaptainTest)  Time elapsed: 0 s  <<< FAILURE!
java.lang.AssertionError: expected:<itsa.patterns.Captain@3ada9e37> but was:<itsa.patterns.Captain@5cbc508c>
	at itsa.patterns.CaptainTest.testSingleton(CaptainTest.java:13)

