-------------------------------------------------------------------------------
Test set: itsa.patterns.AdapterExampleTest
-------------------------------------------------------------------------------
Tests run: 1, Failures: 1, Errors: 0, Skipped: 0, Time elapsed: 0.064 s <<< FAILURE! - in itsa.patterns.AdapterExampleTest
testAdapter(itsa.patterns.AdapterExampleTest)  Time elapsed: 0.015 s  <<< FAILURE!
java.lang.AssertionError: Message does not matched
	at itsa.patterns.AdapterExampleTest.testAdapter(AdapterExampleTest.java:17)

