<?xml version="1.0" encoding="UTF-8"?>
<testsuite xmlns:xsi="http://www.w3.org/2001/XMLSchema-instance" xsi:noNamespaceSchemaLocation="https://maven.apache.org/surefire/maven-surefire-plugin/xsd/surefire-test-report.xsd" name="itsa.patterns.ImageDecoderTest" time="0.001" tests="1" errors="0" skipped="0" failures="1">
  <properties>
[...]
</properties>
  <testcase name="testImageDecoder" classname="itsa.patterns.ImageDecoderTest" time="0">
    <failure message="Reader is null" type="java.lang.AssertionError">java.lang.AssertionError: Reader is null
	at itsa.patterns.ImageDecoderTest.testImageDecoder(ImageDecoderTest.java:16)
</failure>
  </testcase>
</testsuite>